  [1m[35m (0.1ms)[0m  [1m[34mSELECT sqlite_version(*)[0m
  ↳ /home/vs/.rvm/gems/ruby-2.4.3/bin/rake:23
  [1m[35m (17.6ms)[0m  [1m[35mCREATE TABLE "schema_migrations" ("version" varchar NOT NULL PRIMARY KEY)[0m
  ↳ /home/vs/.rvm/gems/ruby-2.4.3/bin/rake:23
  [1m[35m (8.5ms)[0m  [1m[35mCREATE TABLE "ar_internal_metadata" ("key" varchar NOT NULL PRIMARY KEY, "value" varchar, "created_at" datetime NOT NULL, "updated_at" datetime NOT NULL)[0m
  ↳ /home/vs/.rvm/gems/ruby-2.4.3/bin/rake:23
  [1m[35m (0.2ms)[0m  [1m[34mSELECT "schema_migrations"."version" FROM "schema_migrations" ORDER BY "schema_migrations"."version" ASC[0m
  ↳ /home/vs/.rvm/gems/ruby-2.4.3/bin/rake:23
Migrating to CreateTweets (20200511173411)
  [1m[35m (0.1ms)[0m  [1m[36mbegin transaction[0m
  ↳ /home/vs/.rvm/gems/ruby-2.4.3/bin/rake:23
  [1m[35m (0.4ms)[0m  [1m[35mCREATE TABLE "tweets" ("id" integer PRIMARY KEY AUTOINCREMENT NOT NULL, "twitter" varchar, "tweet" text, "created_at" datetime NOT NULL, "updated_at" datetime NOT NULL)[0m
  ↳ db/migrate/20200511173411_create_tweets.rb:3
  [1m[36mActiveRecord::SchemaMigration Create (0.2ms)[0m  [1m[32mINSERT INTO "schema_migrations" ("version") VALUES (?)[0m  [["version", "20200511173411"]]
  ↳ /home/vs/.rvm/gems/ruby-2.4.3/bin/rake:23
  [1m[35m (9.1ms)[0m  [1m[36mcommit transaction[0m
  ↳ /home/vs/.rvm/gems/ruby-2.4.3/bin/rake:23
  [1m[36mActiveRecord::InternalMetadata Load (0.2ms)[0m  [1m[34mSELECT  "ar_internal_metadata".* FROM "ar_internal_metadata" WHERE "ar_internal_metadata"."key" = ? LIMIT ?[0m  [["key", "environment"], ["LIMIT", 1]]
  ↳ /home/vs/.rvm/gems/ruby-2.4.3/bin/rake:23
  [1m[35m (0.0ms)[0m  [1m[36mbegin transaction[0m
  ↳ /home/vs/.rvm/gems/ruby-2.4.3/bin/rake:23
  [1m[36mActiveRecord::InternalMetadata Create (0.2ms)[0m  [1m[32mINSERT INTO "ar_internal_metadata" ("key", "value", "created_at", "updated_at") VALUES (?, ?, ?, ?)[0m  [["key", "environment"], ["value", "development"], ["created_at", "2020-05-11 19:19:01.164563"], ["updated_at", "2020-05-11 19:19:01.164563"]]
  ↳ /home/vs/.rvm/gems/ruby-2.4.3/bin/rake:23
  [1m[35m (13.4ms)[0m  [1m[36mcommit transaction[0m
  ↳ /home/vs/.rvm/gems/ruby-2.4.3/bin/rake:23
  [1m[35m (0.1ms)[0m  [1m[34mSELECT "schema_migrations"."version" FROM "schema_migrations" ORDER BY "schema_migrations"."version" ASC[0m
  ↳ /home/vs/.rvm/gems/ruby-2.4.3/bin/rake:23
  [1m[35m (365.2ms)[0m  [1m[35mCREATE DATABASE "tweeting-develop" ENCODING = 'unicode'[0m
  ↳ /home/vs/.rvm/gems/ruby-2.4.3/bin/rake:23
  [1m[35m (271.7ms)[0m  [1m[35mCREATE DATABASE "tweeting-test" ENCODING = 'unicode'[0m
  ↳ /home/vs/.rvm/gems/ruby-2.4.3/bin/rake:23
  [1m[35m (12.2ms)[0m  [1m[35mCREATE TABLE "schema_migrations" ("version" character varying NOT NULL PRIMARY KEY)[0m
  ↳ /home/vs/.rvm/gems/ruby-2.4.3/bin/rake:23
  [1m[35m (13.6ms)[0m  [1m[35mCREATE TABLE "ar_internal_metadata" ("key" character varying NOT NULL PRIMARY KEY, "value" character varying, "created_at" timestamp NOT NULL, "updated_at" timestamp NOT NULL)[0m
  ↳ /home/vs/.rvm/gems/ruby-2.4.3/bin/rake:23
  [1m[35m (0.2ms)[0m  [1m[34mSELECT pg_try_advisory_lock(2984151990871269330)[0m
  ↳ /home/vs/.rvm/gems/ruby-2.4.3/bin/rake:23
  [1m[35m (0.4ms)[0m  [1m[34mSELECT "schema_migrations"."version" FROM "schema_migrations" ORDER BY "schema_migrations"."version" ASC[0m
  ↳ /home/vs/.rvm/gems/ruby-2.4.3/bin/rake:23
Migrating to CreateTweets (20200511173411)
  [1m[35m (0.1ms)[0m  [1m[35mBEGIN[0m
  ↳ /home/vs/.rvm/gems/ruby-2.4.3/bin/rake:23
  [1m[35m (9.6ms)[0m  [1m[35mCREATE TABLE "tweets" ("id" bigserial primary key, "twitter" character varying, "tweet" text, "created_at" timestamp NOT NULL, "updated_at" timestamp NOT NULL)[0m
  ↳ db/migrate/20200511173411_create_tweets.rb:3
  [1m[36mActiveRecord::SchemaMigration Create (0.8ms)[0m  [1m[32mINSERT INTO "schema_migrations" ("version") VALUES ($1) RETURNING "version"[0m  [["version", "20200511173411"]]
  ↳ /home/vs/.rvm/gems/ruby-2.4.3/bin/rake:23
  [1m[35m (2.8ms)[0m  [1m[35mCOMMIT[0m
  ↳ /home/vs/.rvm/gems/ruby-2.4.3/bin/rake:23
  [1m[36mActiveRecord::InternalMetadata Load (0.4ms)[0m  [1m[34mSELECT  "ar_internal_metadata".* FROM "ar_internal_metadata" WHERE "ar_internal_metadata"."key" = $1 LIMIT $2[0m  [["key", "environment"], ["LIMIT", 1]]
  ↳ /home/vs/.rvm/gems/ruby-2.4.3/bin/rake:23
  [1m[35m (0.6ms)[0m  [1m[35mBEGIN[0m
  ↳ /home/vs/.rvm/gems/ruby-2.4.3/bin/rake:23
  [1m[36mActiveRecord::InternalMetadata Create (0.7ms)[0m  [1m[32mINSERT INTO "ar_internal_metadata" ("key", "value", "created_at", "updated_at") VALUES ($1, $2, $3, $4) RETURNING "key"[0m  [["key", "environment"], ["value", "development"], ["created_at", "2020-05-11 19:22:51.174576"], ["updated_at", "2020-05-11 19:22:51.174576"]]
  ↳ /home/vs/.rvm/gems/ruby-2.4.3/bin/rake:23
  [1m[35m (2.3ms)[0m  [1m[35mCOMMIT[0m
  ↳ /home/vs/.rvm/gems/ruby-2.4.3/bin/rake:23
  [1m[35m (1.0ms)[0m  [1m[34mSELECT pg_advisory_unlock(2984151990871269330)[0m
  ↳ /home/vs/.rvm/gems/ruby-2.4.3/bin/rake:23
  [1m[35m (0.2ms)[0m  [1m[34mSELECT "schema_migrations"."version" FROM "schema_migrations" ORDER BY "schema_migrations"."version" ASC[0m
  ↳ /home/vs/.rvm/gems/ruby-2.4.3/bin/rake:23
Started GET "/" for ::1 at 2020-05-12 00:23:13 +0500
  [1m[35m (0.9ms)[0m  [1m[34mSELECT "schema_migrations"."version" FROM "schema_migrations" ORDER BY "schema_migrations"."version" ASC[0m
  ↳ /home/vs/.rvm/gems/ruby-2.4.3/gems/activerecord-5.2.4.2/lib/active_record/log_subscriber.rb:98
Processing by TweetsController#index as HTML
  Rendering tweets/index.html.erb within layouts/application
  [1m[36mTweet Load (1.7ms)[0m  [1m[34mSELECT "tweets".* FROM "tweets"[0m
  ↳ app/views/tweets/index.html.erb:15
  Rendered tweets/index.html.erb within layouts/application (11.2ms)
Completed 200 OK in 551ms (Views: 536.3ms | ActiveRecord: 5.4ms)


Started GET "/tweets/new" for ::1 at 2020-05-12 00:23:17 +0500
Processing by TweetsController#new as HTML
  Rendering tweets/new.html.erb within layouts/application
  Rendered tweets/_form.html.erb (26.8ms)
  Rendered tweets/new.html.erb within layouts/application (28.4ms)
Completed 200 OK in 50ms (Views: 39.2ms | ActiveRecord: 3.3ms)


Started POST "/tweets" for ::1 at 2020-05-12 00:23:29 +0500
Processing by TweetsController#create as HTML
  Parameters: {"utf8"=>"✓", "authenticity_token"=>"YPJdKBUBNkesznOHnymnA4yR8yina8nTYw0d1AhDf6w6W87Rd0aa5+d2kR6mugsqKCFVKl2Ll0nozV/2vL6VVg==", "tweet"=>{"twitter"=>"asda", "tweet"=>"adasdasdasdasdasdadasdasdasdasdasdasdasdasdasdasdd"}, "commit"=>"Create Tweet"}
  [1m[35m (0.2ms)[0m  [1m[35mBEGIN[0m
  ↳ app/controllers/tweets_controller.rb:33
  [1m[36mTweet Create (0.6ms)[0m  [1m[32mINSERT INTO "tweets" ("twitter", "tweet", "created_at", "updated_at") VALUES ($1, $2, $3, $4) RETURNING "id"[0m  [["twitter", "asda"], ["tweet", "adasdasdasdasdasdadasdasdasdasdasdasdasdasdasdasdd"], ["created_at", "2020-05-11 19:23:29.220742"], ["updated_at", "2020-05-11 19:23:29.220742"]]
  ↳ app/controllers/tweets_controller.rb:33
  [1m[35m (1.6ms)[0m  [1m[35mCOMMIT[0m
  ↳ app/controllers/tweets_controller.rb:33
Redirected to http://localhost:3000/tweets/1
Completed 302 Found in 8ms (ActiveRecord: 2.4ms)


Started GET "/tweets/1" for ::1 at 2020-05-12 00:23:29 +0500
Processing by TweetsController#show as HTML
  Parameters: {"id"=>"1"}
  [1m[36mTweet Load (0.4ms)[0m  [1m[34mSELECT  "tweets".* FROM "tweets" WHERE "tweets"."id" = $1 LIMIT $2[0m  [["id", 1], ["LIMIT", 1]]
  ↳ app/controllers/tweets_controller.rb:72
  Rendering tweets/show.html.erb within layouts/application
  Rendered tweets/show.html.erb within layouts/application (2.2ms)
Completed 200 OK in 34ms (Views: 26.7ms | ActiveRecord: 0.7ms)


Started GET "/tweets/1/edit" for ::1 at 2020-05-12 00:23:31 +0500
Processing by TweetsController#edit as HTML
  Parameters: {"id"=>"1"}
  [1m[36mTweet Load (0.6ms)[0m  [1m[34mSELECT  "tweets".* FROM "tweets" WHERE "tweets"."id" = $1 LIMIT $2[0m  [["id", 1], ["LIMIT", 1]]
  ↳ app/controllers/tweets_controller.rb:72
  Rendering tweets/edit.html.erb within layouts/application
  Rendered tweets/_form.html.erb (3.4ms)
  Rendered tweets/edit.html.erb within layouts/application (7.1ms)
Completed 200 OK in 33ms (Views: 29.5ms | ActiveRecord: 0.6ms)


Started GET "/tweets/1" for ::1 at 2020-05-12 00:23:33 +0500
Processing by TweetsController#show as HTML
  Parameters: {"id"=>"1"}
  [1m[36mTweet Load (0.4ms)[0m  [1m[34mSELECT  "tweets".* FROM "tweets" WHERE "tweets"."id" = $1 LIMIT $2[0m  [["id", 1], ["LIMIT", 1]]
  ↳ app/controllers/tweets_controller.rb:72
  Rendering tweets/show.html.erb within layouts/application
  Rendered tweets/show.html.erb within layouts/application (0.5ms)
Completed 200 OK in 21ms (Views: 19.1ms | ActiveRecord: 0.4ms)


Started GET "/tweets" for ::1 at 2020-05-12 00:23:34 +0500
Processing by TweetsController#index as HTML
  Rendering tweets/index.html.erb within layouts/application
  [1m[36mTweet Load (1.8ms)[0m  [1m[34mSELECT "tweets".* FROM "tweets"[0m
  ↳ app/views/tweets/index.html.erb:15
  Rendered tweets/index.html.erb within layouts/application (4.4ms)
Completed 200 OK in 38ms (Views: 32.4ms | ActiveRecord: 1.8ms)


Started GET "/tweets" for ::1 at 2020-05-12 00:24:51 +0500
  [1m[35m (0.5ms)[0m  [1m[34mSELECT "schema_migrations"."version" FROM "schema_migrations" ORDER BY "schema_migrations"."version" ASC[0m
  ↳ /home/vs/.rvm/gems/ruby-2.4.3/gems/activerecord-5.2.4.2/lib/active_record/log_subscriber.rb:98
Processing by TweetsController#index as HTML
  Rendering tweets/index.html.erb within layouts/application
  [1m[36mTweet Load (1.4ms)[0m  [1m[34mSELECT "tweets".* FROM "tweets"[0m
  ↳ app/views/tweets/index.html.erb:15
  Rendered tweets/index.html.erb within layouts/application (13.5ms)
Completed 200 OK in 259ms (Views: 244.4ms | ActiveRecord: 5.1ms)


Started GET "/" for ::1 at 2020-05-11 19:07:17 -0700
  [1m[35m (1.6ms)[0m  [1m[34mSELECT "schema_migrations"."version" FROM "schema_migrations" ORDER BY "schema_migrations"."version" ASC[0m
  ↳ /home/sandeep/.rvm/gems/ruby-2.4.3/gems/activerecord-5.2.4.2/lib/active_record/log_subscriber.rb:98
Processing by TweetsController#index as HTML
  Rendering tweets/index.html.erb within layouts/application
  [1m[36mTweet Load (1.0ms)[0m  [1m[34mSELECT "tweets".* FROM "tweets"[0m
  ↳ app/views/tweets/index.html.erb:15
  Rendered tweets/index.html.erb within layouts/application (49.4ms)
Completed 200 OK in 715ms (Views: 692.4ms | ActiveRecord: 7.5ms)


Started GET "/tweets/new" for ::1 at 2020-05-11 19:07:36 -0700
Processing by TweetsController#new as HTML
  Rendering tweets/new.html.erb within layouts/application
  Rendered tweets/_form.html.erb (790.0ms)
  Rendered tweets/new.html.erb within layouts/application (792.8ms)
Completed 200 OK in 827ms (Views: 824.8ms | ActiveRecord: 0.0ms)


Started POST "/tweets" for ::1 at 2020-05-11 19:07:42 -0700
Processing by TweetsController#create as HTML
  Parameters: {"utf8"=>"✓", "authenticity_token"=>"aNw1BQn0oH0mSlpgtCFTY4HhDU8U81/YlVZZS5TORlVZLxJOZk34HnAo+YxARYIghJumle7nMzjl1u4rjqfacQ==", "tweet"=>{"twitter"=>"ygtcuygfyug", "tweet"=>"yugbuyg"}, "commit"=>"Create Tweet"}
  [1m[35m (0.6ms)[0m  [1m[35mBEGIN[0m
  ↳ app/controllers/tweets_controller.rb:33
  [1m[36mTweet Create (0.9ms)[0m  [1m[32mINSERT INTO "tweets" ("twitter", "tweet", "created_at", "updated_at") VALUES ($1, $2, $3, $4) RETURNING "id"[0m  [["twitter", "ygtcuygfyug"], ["tweet", "yugbuyg"], ["created_at", "2020-05-12 02:07:42.325145"], ["updated_at", "2020-05-12 02:07:42.325145"]]
  ↳ app/controllers/tweets_controller.rb:33
  [1m[35m (311.7ms)[0m  [1m[35mCOMMIT[0m
  ↳ app/controllers/tweets_controller.rb:33
Redirected to http://localhost:3000/tweets/6
Completed 302 Found in 321ms (ActiveRecord: 313.2ms)


Started GET "/tweets/6" for ::1 at 2020-05-11 19:07:42 -0700
Processing by TweetsController#show as HTML
  Parameters: {"id"=>"6"}
  [1m[36mTweet Load (0.7ms)[0m  [1m[34mSELECT  "tweets".* FROM "tweets" WHERE "tweets"."id" = $1 LIMIT $2[0m  [["id", 6], ["LIMIT", 1]]
  ↳ app/controllers/tweets_controller.rb:72
  Rendering tweets/show.html.erb within layouts/application
  Rendered tweets/show.html.erb within layouts/application (2.2ms)
Completed 200 OK in 56ms (Views: 31.8ms | ActiveRecord: 1.3ms)


Started GET "/tweets" for ::1 at 2020-05-11 19:07:46 -0700
Processing by TweetsController#index as HTML
  Rendering tweets/index.html.erb within layouts/application
  [1m[36mTweet Load (0.6ms)[0m  [1m[34mSELECT "tweets".* FROM "tweets"[0m
  ↳ app/views/tweets/index.html.erb:15
  Rendered tweets/index.html.erb within layouts/application (4.3ms)
Completed 200 OK in 36ms (Views: 34.2ms | ActiveRecord: 0.6ms)


Started GET "/tweets/4" for ::1 at 2020-05-11 19:07:48 -0700
Processing by TweetsController#show as HTML
  Parameters: {"id"=>"4"}
  [1m[36mTweet Load (0.6ms)[0m  [1m[34mSELECT  "tweets".* FROM "tweets" WHERE "tweets"."id" = $1 LIMIT $2[0m  [["id", 4], ["LIMIT", 1]]
  ↳ app/controllers/tweets_controller.rb:72
  Rendering tweets/show.html.erb within layouts/application
  Rendered tweets/show.html.erb within layouts/application (1.5ms)
Completed 200 OK in 35ms (Views: 30.9ms | ActiveRecord: 0.6ms)


Started GET "/tweets" for ::1 at 2020-05-11 19:07:50 -0700
Processing by TweetsController#index as HTML
  Rendering tweets/index.html.erb within layouts/application
  [1m[36mTweet Load (0.8ms)[0m  [1m[34mSELECT "tweets".* FROM "tweets"[0m
  ↳ app/views/tweets/index.html.erb:15
  Rendered tweets/index.html.erb within layouts/application (5.3ms)
Completed 200 OK in 51ms (Views: 48.4ms | ActiveRecord: 0.8ms)


Started DELETE "/tweets/4" for ::1 at 2020-05-11 19:07:54 -0700
Processing by TweetsController#destroy as HTML
  Parameters: {"authenticity_token"=>"Gyv8/J+hm9opZpO+gzt+vQp0typpkB74iEYDMKKfQnT3UalXXqJCJeY1YvVm4kXIfoDqAEXeUsfTZlyfSlDlSA==", "id"=>"4"}
  [1m[36mTweet Load (0.8ms)[0m  [1m[34mSELECT  "tweets".* FROM "tweets" WHERE "tweets"."id" = $1 LIMIT $2[0m  [["id", 4], ["LIMIT", 1]]
  ↳ app/controllers/tweets_controller.rb:72
  [1m[35m (1.2ms)[0m  [1m[35mBEGIN[0m
  ↳ app/controllers/tweets_controller.rb:62
  [1m[36mTweet Destroy (3.8ms)[0m  [1m[31mDELETE FROM "tweets" WHERE "tweets"."id" = $1[0m  [["id", 4]]
  ↳ app/controllers/tweets_controller.rb:62
  [1m[35m (15.4ms)[0m  [1m[35mCOMMIT[0m
  ↳ app/controllers/tweets_controller.rb:62
Redirected to http://localhost:3000/tweets
Completed 302 Found in 28ms (ActiveRecord: 21.2ms)


Started GET "/tweets" for ::1 at 2020-05-11 19:07:54 -0700
Processing by TweetsController#index as HTML
  Rendering tweets/index.html.erb within layouts/application
  [1m[36mTweet Load (1.1ms)[0m  [1m[34mSELECT "tweets".* FROM "tweets"[0m
  ↳ app/views/tweets/index.html.erb:15
  Rendered tweets/index.html.erb within layouts/application (5.6ms)
Completed 200 OK in 51ms (Views: 48.5ms | ActiveRecord: 1.1ms)


Started GET "/tweets/5/edit" for ::1 at 2020-05-11 19:07:55 -0700
Processing by TweetsController#edit as HTML
  Parameters: {"id"=>"5"}
  [1m[36mTweet Load (0.8ms)[0m  [1m[34mSELECT  "tweets".* FROM "tweets" WHERE "tweets"."id" = $1 LIMIT $2[0m  [["id", 5], ["LIMIT", 1]]
  ↳ app/controllers/tweets_controller.rb:72
  Rendering tweets/edit.html.erb within layouts/application
  Rendered tweets/_form.html.erb (4.6ms)
  Rendered tweets/edit.html.erb within layouts/application (6.8ms)
Completed 200 OK in 47ms (Views: 41.7ms | ActiveRecord: 0.8ms)


Started PATCH "/tweets/5" for ::1 at 2020-05-11 19:07:59 -0700
Processing by TweetsController#update as HTML
  Parameters: {"utf8"=>"✓", "authenticity_token"=>"W16x/i5vTha+uLoZK+y0karAgLmcstD3nSwLEAqiXIcSPhoc3DyQT3UXQY/GUSea9JEEB4OAa1EioTnCZGyLTw==", "tweet"=>{"twitter"=>"ghjhj", "tweet"=>"hghj"}, "commit"=>"Update Tweet", "id"=>"5"}
  [1m[36mTweet Load (0.6ms)[0m  [1m[34mSELECT  "tweets".* FROM "tweets" WHERE "tweets"."id" = $1 LIMIT $2[0m  [["id", 5], ["LIMIT", 1]]
  ↳ app/controllers/tweets_controller.rb:72
  [1m[35m (1.1ms)[0m  [1m[35mBEGIN[0m
  ↳ app/controllers/tweets_controller.rb:48
  [1m[36mTweet Update (2.2ms)[0m  [1m[33mUPDATE "tweets" SET "tweet" = $1, "updated_at" = $2 WHERE "tweets"."id" = $3[0m  [["tweet", "hghj"], ["updated_at", "2020-05-12 02:07:59.191675"], ["id", 5]]
  ↳ app/controllers/tweets_controller.rb:48
  [1m[35m (9.2ms)[0m  [1m[35mCOMMIT[0m
  ↳ app/controllers/tweets_controller.rb:48
Redirected to http://localhost:3000/tweets/5
Completed 302 Found in 23ms (ActiveRecord: 13.2ms)


Started GET "/tweets/5" for ::1 at 2020-05-11 19:07:59 -0700
Processing by TweetsController#show as HTML
  Parameters: {"id"=>"5"}
  [1m[36mTweet Load (1.2ms)[0m  [1m[34mSELECT  "tweets".* FROM "tweets" WHERE "tweets"."id" = $1 LIMIT $2[0m  [["id", 5], ["LIMIT", 1]]
  ↳ app/controllers/tweets_controller.rb:72
  Rendering tweets/show.html.erb within layouts/application
  Rendered tweets/show.html.erb within layouts/application (1.2ms)
Completed 200 OK in 35ms (Views: 30.6ms | ActiveRecord: 1.2ms)


Started GET "/tweets" for ::1 at 2020-05-11 19:08:01 -0700
Processing by TweetsController#index as HTML
  Rendering tweets/index.html.erb within layouts/application
  [1m[36mTweet Load (0.5ms)[0m  [1m[34mSELECT "tweets".* FROM "tweets"[0m
  ↳ app/views/tweets/index.html.erb:15
  Rendered tweets/index.html.erb within layouts/application (4.1ms)
Completed 200 OK in 44ms (Views: 39.6ms | ActiveRecord: 0.5ms)


Started GET "/" for ::1 at 2020-05-11 19:11:10 -0700
  [1m[35m (1.4ms)[0m  [1m[34mSELECT "schema_migrations"."version" FROM "schema_migrations" ORDER BY "schema_migrations"."version" ASC[0m
  ↳ /home/sandeep/.rvm/gems/ruby-2.4.3/gems/activerecord-5.2.4.2/lib/active_record/log_subscriber.rb:98
Processing by TweetsController#index as HTML
  Rendering tweets/index.html.erb within layouts/application
  [1m[36mTweet Load (1.1ms)[0m  [1m[34mSELECT "tweets".* FROM "tweets"[0m
  ↳ app/views/tweets/index.html.erb:15
  Rendered tweets/index.html.erb within layouts/application (24.3ms)
Completed 200 OK in 289ms (Views: 269.5ms | ActiveRecord: 8.8ms)


Started GET "/tweets/6" for ::1 at 2020-05-11 19:11:15 -0700
Processing by TweetsController#show as HTML
  Parameters: {"id"=>"6"}
  [1m[36mTweet Load (0.4ms)[0m  [1m[34mSELECT  "tweets".* FROM "tweets" WHERE "tweets"."id" = $1 LIMIT $2[0m  [["id", 6], ["LIMIT", 1]]
  ↳ app/controllers/tweets_controller.rb:72
  Rendering tweets/show.html.erb within layouts/application
  Rendered tweets/show.html.erb within layouts/application (1.7ms)
Completed 200 OK in 45ms (Views: 38.6ms | ActiveRecord: 0.7ms)


Started GET "/tweets" for ::1 at 2020-05-11 19:11:16 -0700
Processing by TweetsController#index as HTML
  Rendering tweets/index.html.erb within layouts/application
  [1m[36mTweet Load (0.5ms)[0m  [1m[34mSELECT "tweets".* FROM "tweets"[0m
  ↳ app/views/tweets/index.html.erb:15
  Rendered tweets/index.html.erb within layouts/application (4.0ms)
Completed 200 OK in 36ms (Views: 33.0ms | ActiveRecord: 0.5ms)


Started DELETE "/tweets/6" for ::1 at 2020-05-11 19:11:19 -0700
Processing by TweetsController#destroy as HTML
  Parameters: {"authenticity_token"=>"TGD8d6PO56ClzI6MZtvkFf/zuflYjg7c2ahAtgkjOkOgGqncYs0+X2qff8eDAt9giwfk03TAQuOCiB8Z4eydfw==", "id"=>"6"}
  [1m[36mTweet Load (0.7ms)[0m  [1m[34mSELECT  "tweets".* FROM "tweets" WHERE "tweets"."id" = $1 LIMIT $2[0m  [["id", 6], ["LIMIT", 1]]
  ↳ app/controllers/tweets_controller.rb:72
  [1m[35m (0.5ms)[0m  [1m[35mBEGIN[0m
  ↳ app/controllers/tweets_controller.rb:62
  [1m[36mTweet Destroy (0.6ms)[0m  [1m[31mDELETE FROM "tweets" WHERE "tweets"."id" = $1[0m  [["id", 6]]
  ↳ app/controllers/tweets_controller.rb:62
  [1m[35m (49.7ms)[0m  [1m[35mCOMMIT[0m
  ↳ app/controllers/tweets_controller.rb:62
Redirected to http://localhost:3000/tweets
Completed 302 Found in 58ms (ActiveRecord: 51.4ms)


Started GET "/tweets" for ::1 at 2020-05-11 19:11:19 -0700
Processing by TweetsController#index as HTML
  Rendering tweets/index.html.erb within layouts/application
  [1m[36mTweet Load (0.7ms)[0m  [1m[34mSELECT "tweets".* FROM "tweets"[0m
  ↳ app/views/tweets/index.html.erb:15
  Rendered tweets/index.html.erb within layouts/application (4.1ms)
Completed 200 OK in 39ms (Views: 36.9ms | ActiveRecord: 0.7ms)


Started GET "/tweets/new" for ::1 at 2020-05-11 19:11:25 -0700
Processing by TweetsController#new as HTML
  Rendering tweets/new.html.erb within layouts/application
  Rendered tweets/_form.html.erb (9.4ms)
  Rendered tweets/new.html.erb within layouts/application (11.3ms)
Completed 200 OK in 39ms (Views: 38.0ms | ActiveRecord: 0.0ms)


Started POST "/tweets" for ::1 at 2020-05-11 19:11:30 -0700
Processing by TweetsController#create as HTML
  Parameters: {"utf8"=>"✓", "authenticity_token"=>"/BtvJxa4YTAXHqVsfhL6Snu/vBozq5I2wtPl2F/nU93N6EhseQE5U0F8BoCKdisJfsUXwMm//tayU1K4RY7P+Q==", "tweet"=>{"twitter"=>"kjb", "tweet"=>"jhb"}, "commit"=>"Create Tweet"}
  [1m[35m (0.3ms)[0m  [1m[35mBEGIN[0m
  ↳ app/controllers/tweets_controller.rb:33
  [1m[36mTweet Create (1.7ms)[0m  [1m[32mINSERT INTO "tweets" ("twitter", "tweet", "created_at", "updated_at") VALUES ($1, $2, $3, $4) RETURNING "id"[0m  [["twitter", "kjb"], ["tweet", "jhb"], ["created_at", "2020-05-12 02:11:30.205980"], ["updated_at", "2020-05-12 02:11:30.205980"]]
  ↳ app/controllers/tweets_controller.rb:33
  [1m[35m (42.9ms)[0m  [1m[35mCOMMIT[0m
  ↳ app/controllers/tweets_controller.rb:33
Redirected to http://localhost:3000/tweets/7
Completed 302 Found in 52ms (ActiveRecord: 44.9ms)


Started GET "/tweets/7" for ::1 at 2020-05-11 19:11:30 -0700
Processing by TweetsController#show as HTML
  Parameters: {"id"=>"7"}
  [1m[36mTweet Load (0.5ms)[0m  [1m[34mSELECT  "tweets".* FROM "tweets" WHERE "tweets"."id" = $1 LIMIT $2[0m  [["id", 7], ["LIMIT", 1]]
  ↳ app/controllers/tweets_controller.rb:72
  Rendering tweets/show.html.erb within layouts/application
  Rendered tweets/show.html.erb within layouts/application (2.2ms)
Completed 200 OK in 33ms (Views: 30.4ms | ActiveRecord: 0.5ms)


Started GET "/" for ::1 at 2020-05-11 19:27:56 -0700
  [1m[35m (1.2ms)[0m  [1m[34mSELECT "schema_migrations"."version" FROM "schema_migrations" ORDER BY "schema_migrations"."version" ASC[0m
  ↳ /home/sandeep/.rvm/gems/ruby-2.4.3/gems/activerecord-5.2.4.2/lib/active_record/log_subscriber.rb:98
Processing by TweetsController#index as HTML
  Rendering tweets/index.html.erb within layouts/application
  [1m[36mTweet Load (0.9ms)[0m  [1m[34mSELECT "tweets".* FROM "tweets"[0m
  ↳ app/views/tweets/index.html.erb:15
  Rendered tweets/index.html.erb within layouts/application (22.8ms)
Completed 200 OK in 382ms (Views: 364.0ms | ActiveRecord: 7.2ms)


Started GET "/tweets/5" for ::1 at 2020-05-11 19:28:03 -0700
Processing by TweetsController#show as HTML
  Parameters: {"id"=>"5"}
  [1m[36mTweet Load (1.3ms)[0m  [1m[34mSELECT  "tweets".* FROM "tweets" WHERE "tweets"."id" = $1 LIMIT $2[0m  [["id", 5], ["LIMIT", 1]]
  ↳ app/controllers/tweets_controller.rb:36
  Rendering tweets/show.html.erb within layouts/application
  Rendered tweets/show.html.erb within layouts/application (1.3ms)
Completed 200 OK in 53ms (Views: 42.7ms | ActiveRecord: 2.9ms)


Started GET "/tweets" for ::1 at 2020-05-11 19:28:06 -0700
Processing by TweetsController#index as HTML
  Rendering tweets/index.html.erb within layouts/application
  [1m[36mTweet Load (2.3ms)[0m  [1m[34mSELECT "tweets".* FROM "tweets"[0m
  ↳ app/views/tweets/index.html.erb:15
  Rendered tweets/index.html.erb within layouts/application (6.0ms)
Completed 200 OK in 50ms (Views: 45.4ms | ActiveRecord: 2.3ms)


Started GET "/tweets/new" for ::1 at 2020-05-11 19:28:08 -0700
Processing by TweetsController#new as HTML
  Rendering tweets/new.html.erb within layouts/application
  Rendered tweets/_form.html.erb (17.8ms)
  Rendered tweets/new.html.erb within layouts/application (19.7ms)
Completed 200 OK in 66ms (Views: 64.2ms | ActiveRecord: 0.0ms)


Started POST "/tweets" for ::1 at 2020-05-11 19:28:12 -0700
Processing by TweetsController#create as HTML
  Parameters: {"utf8"=>"✓", "authenticity_token"=>"c5uMUbFIBR7Zsk91feUVF9I2U49J6jWuFAE+WmUA+lBCaKsa3vFdfY/Q7JmJgcRU10z4VbP+WU5kgYk6f2lmdA==", "tweet"=>{"twitter"=>"dfg", "tweet"=>"dfgdfg"}, "commit"=>"Create Tweet"}
  [1m[35m (3.6ms)[0m  [1m[35mBEGIN[0m
  ↳ app/controllers/tweets_controller.rb:11
  [1m[36mTweet Create (1.6ms)[0m  [1m[32mINSERT INTO "tweets" ("twitter", "tweet", "created_at", "updated_at") VALUES ($1, $2, $3, $4) RETURNING "id"[0m  [["twitter", "dfg"], ["tweet", "dfgdfg"], ["created_at", "2020-05-12 02:28:12.874481"], ["updated_at", "2020-05-12 02:28:12.874481"]]
  ↳ app/controllers/tweets_controller.rb:11
  [1m[35m (23.6ms)[0m  [1m[35mCOMMIT[0m
  ↳ app/controllers/tweets_controller.rb:11
Redirected to http://localhost:3000/tweets
Completed 302 Found in 38ms (ActiveRecord: 28.9ms)


Started GET "/tweets" for ::1 at 2020-05-11 19:28:12 -0700
Processing by TweetsController#index as HTML
  Rendering tweets/index.html.erb within layouts/application
  [1m[36mTweet Load (1.2ms)[0m  [1m[34mSELECT "tweets".* FROM "tweets"[0m
  ↳ app/views/tweets/index.html.erb:15
  Rendered tweets/index.html.erb within layouts/application (5.7ms)
Completed 200 OK in 56ms (Views: 53.1ms | ActiveRecord: 1.2ms)


Started DELETE "/tweets/8" for ::1 at 2020-05-11 19:28:16 -0700
Processing by TweetsController#destroy as HTML
  Parameters: {"authenticity_token"=>"Zx0Zl800lsN77IHGmc9LUfq2Ig5u9AYCeEEt2WrOLO+LZ0w8DDdPPLS/cI18FnAkjkJ/JEK6Sj0jYXJ2ggGL0w==", "id"=>"8"}
  [1m[36mTweet Load (0.5ms)[0m  [1m[34mSELECT  "tweets".* FROM "tweets" WHERE "tweets"."id" = $1 LIMIT $2[0m  [["id", 8], ["LIMIT", 1]]
  ↳ app/controllers/tweets_controller.rb:20
  [1m[35m (0.9ms)[0m  [1m[35mBEGIN[0m
  ↳ app/controllers/tweets_controller.rb:21
  [1m[36mTweet Destroy (0.9ms)[0m  [1m[31mDELETE FROM "tweets" WHERE "tweets"."id" = $1[0m  [["id", 8]]
  ↳ app/controllers/tweets_controller.rb:21
  [1m[35m (11.2ms)[0m  [1m[35mCOMMIT[0m
  ↳ app/controllers/tweets_controller.rb:21
Redirected to http://localhost:3000/tweets
Completed 302 Found in 24ms (ActiveRecord: 13.6ms)


Started GET "/tweets" for ::1 at 2020-05-11 19:28:16 -0700
Processing by TweetsController#index as HTML
  Rendering tweets/index.html.erb within layouts/application
  [1m[36mTweet Load (3.0ms)[0m  [1m[34mSELECT "tweets".* FROM "tweets"[0m
  ↳ app/views/tweets/index.html.erb:15
  Rendered tweets/index.html.erb within layouts/application (8.3ms)
Completed 200 OK in 55ms (Views: 51.2ms | ActiveRecord: 3.0ms)


Started GET "/tweets/7/edit" for ::1 at 2020-05-11 19:28:18 -0700
Processing by TweetsController#edit as HTML
  Parameters: {"id"=>"7"}
  [1m[36mTweet Load (0.5ms)[0m  [1m[34mSELECT  "tweets".* FROM "tweets" WHERE "tweets"."id" = $1 LIMIT $2[0m  [["id", 7], ["LIMIT", 1]]
  ↳ app/controllers/tweets_controller.rb:25
  Rendering tweets/edit.html.erb within layouts/application
  Rendered tweets/_form.html.erb (4.4ms)
  Rendered tweets/edit.html.erb within layouts/application (6.4ms)
Completed 200 OK in 54ms (Views: 50.6ms | ActiveRecord: 0.5ms)


Started PATCH "/tweets/7" for ::1 at 2020-05-11 19:28:21 -0700
Processing by TweetsController#update as HTML
  Parameters: {"utf8"=>"✓", "authenticity_token"=>"A1tHXz69EDxxCvkapg9plC0hqkm56+XblfVwdPMpM7y6DZnue0HbJufl9WViruUP6Am64fONUKQUS6pMf7vZ9Q==", "tweet"=>{"twitter"=>"kjb", "tweet"=>"jhbasd"}, "commit"=>"Update Tweet", "id"=>"7"}
  [1m[36mTweet Load (2.0ms)[0m  [1m[34mSELECT  "tweets".* FROM "tweets" WHERE "tweets"."id" = $1 LIMIT $2[0m  [["id", 7], ["LIMIT", 1]]
  ↳ app/controllers/tweets_controller.rb:28
  [1m[35m (1.4ms)[0m  [1m[35mBEGIN[0m
  ↳ app/controllers/tweets_controller.rb:29
  [1m[36mTweet Update (0.8ms)[0m  [1m[33mUPDATE "tweets" SET "tweet" = $1, "updated_at" = $2 WHERE "tweets"."id" = $3[0m  [["tweet", "jhbasd"], ["updated_at", "2020-05-12 02:28:21.621774"], ["id", 7]]
  ↳ app/controllers/tweets_controller.rb:29
  [1m[35m (18.1ms)[0m  [1m[35mCOMMIT[0m
  ↳ app/controllers/tweets_controller.rb:29
Redirected to http://localhost:3000/tweets/7
Completed 302 Found in 33ms (ActiveRecord: 22.3ms)


Started GET "/tweets/7" for ::1 at 2020-05-11 19:28:21 -0700
Processing by TweetsController#show as HTML
  Parameters: {"id"=>"7"}
  [1m[36mTweet Load (0.7ms)[0m  [1m[34mSELECT  "tweets".* FROM "tweets" WHERE "tweets"."id" = $1 LIMIT $2[0m  [["id", 7], ["LIMIT", 1]]
  ↳ app/controllers/tweets_controller.rb:36
  Rendering tweets/show.html.erb within layouts/application
  Rendered tweets/show.html.erb within layouts/application (0.9ms)
Completed 200 OK in 47ms (Views: 43.0ms | ActiveRecord: 0.7ms)


Started GET "/tweets" for ::1 at 2020-05-11 19:28:23 -0700
Processing by TweetsController#index as HTML
  Rendering tweets/index.html.erb within layouts/application
  [1m[36mTweet Load (2.0ms)[0m  [1m[34mSELECT "tweets".* FROM "tweets"[0m
  ↳ app/views/tweets/index.html.erb:15
  Rendered tweets/index.html.erb within layouts/application (7.8ms)
Completed 200 OK in 47ms (Views: 43.2ms | ActiveRecord: 2.0ms)


Started GET "/" for ::1 at 2020-05-11 19:32:59 -0700
  [1m[35m (1.6ms)[0m  [1m[34mSELECT "schema_migrations"."version" FROM "schema_migrations" ORDER BY "schema_migrations"."version" ASC[0m
  ↳ /home/sandeep/.rvm/gems/ruby-2.4.3/gems/activerecord-5.2.4.2/lib/active_record/log_subscriber.rb:98
Processing by TweetsController#index as HTML
  Rendering tweets/index.html.erb within layouts/application
  [1m[36mTweet Load (0.8ms)[0m  [1m[34mSELECT "tweets".* FROM "tweets"[0m
  ↳ app/views/tweets/index.html.erb:15
  Rendered tweets/index.html.erb within layouts/application (26.1ms)
Completed 200 OK in 336ms (Views: 311.0ms | ActiveRecord: 12.2ms)


Started GET "/tweets/new" for ::1 at 2020-05-11 19:33:03 -0700
Processing by TweetsController#new as HTML
  Rendering tweets/new.html.erb within layouts/application
  Rendered tweets/_form.html.erb (14.1ms)
  Rendered tweets/new.html.erb within layouts/application (16.3ms)
Completed 200 OK in 65ms (Views: 62.6ms | ActiveRecord: 0.0ms)


Started POST "/tweets" for ::1 at 2020-05-11 19:33:14 -0700
Processing by TweetsController#create as HTML
  Parameters: {"utf8"=>"✓", "authenticity_token"=>"ecRipBLphbQK8fwZzjET2rrXWEvigJCnGWmsF3q6++5IN0XvfVDd11yTX/U6VcKZv63zkRiU/Edp6Rt3YNNnyg==", "tweet"=>{"twitter"=>"gf", "tweet"=>"h"}, "commit"=>"Create Tweet"}
  [1m[35m (0.5ms)[0m  [1m[35mBEGIN[0m
  ↳ app/controllers/tweets_controller.rb:11
  [1m[36mTweet Exists (7.2ms)[0m  [1m[34mSELECT  1 AS one FROM "tweets" WHERE "tweets"."twitter" = $1 LIMIT $2[0m  [["twitter", "gf"], ["LIMIT", 1]]
  ↳ app/controllers/tweets_controller.rb:11
  [1m[35m (0.6ms)[0m  [1m[31mROLLBACK[0m
  ↳ app/controllers/tweets_controller.rb:11
Redirected to http://localhost:3000/tweets/new
Completed 302 Found in 24ms (ActiveRecord: 8.3ms)


Started GET "/tweets/new" for ::1 at 2020-05-11 19:33:14 -0700
Processing by TweetsController#new as HTML
  Rendering tweets/new.html.erb within layouts/application
  Rendered tweets/_form.html.erb (7.9ms)
  Rendered tweets/new.html.erb within layouts/application (11.2ms)
Completed 200 OK in 65ms (Views: 61.7ms | ActiveRecord: 0.0ms)


Started GET "/" for ::1 at 2020-05-11 19:33:28 -0700
Processing by TweetsController#index as HTML
  Rendering tweets/index.html.erb within layouts/application
  [1m[36mTweet Load (0.7ms)[0m  [1m[34mSELECT "tweets".* FROM "tweets"[0m
  ↳ app/views/tweets/index.html.erb:15
  Rendered tweets/index.html.erb within layouts/application (9.0ms)
Completed 200 OK in 56ms (Views: 53.4ms | ActiveRecord: 0.7ms)


